{"level":"debug","message":"Este es un mensaje de depuración"}
{"level":"info","message":"Este es un mensaje informativo"}
{"level":"warning","message":"Este es un mensaje de advertencia"}
{"level":"error","message":"Este es un mensaje de error"}
{"level":"http","message":"Este es un mensaje http"}
{"level":"info","message":"Mail usado para el envío de correo: "}
{"level":"debug","message":"Este es un mensaje de depuración"}
{"level":"info","message":"Este es un mensaje informativo"}
{"level":"warning","message":"Este es un mensaje de advertencia"}
{"level":"error","message":"Este es un mensaje de error"}
{"level":"http","message":"Este es un mensaje http"}
{"level":"info","message":"Access token generado:"}
{"level":"info","message":"Access token generado:"}
{"level":"info","message":"Access token generado:"}
{"level":"info","message":"Access token generado:"}
{"level":"info","message":"Access token generado:"}
{"level":"info","message":"Access token generado:"}
{"level":"info","message":"Access token generado:"}
{"level":"info","message":"Access token generado:"}
{"level":"info","message":"Access token generado:"}
